[debug] [2022-07-05T03:44:59.415Z] ----------------------------------------------------------------------
[debug] [2022-07-05T03:44:59.419Z] Command:       C:\Program Files\nodejs\node.exe C:\Users\Mehedi Hasan\AppData\Roaming\npm\node_modules\firebase-tools\lib\bin\firebase.js init
[debug] [2022-07-05T03:44:59.420Z] CLI Version:   11.2.0
[debug] [2022-07-05T03:44:59.420Z] Platform:      win32
[debug] [2022-07-05T03:44:59.420Z] Node Version:  v16.14.0
[debug] [2022-07-05T03:44:59.437Z] Time:          Tue Jul 05 2022 09:44:59 GMT+0600 (Bangladesh Standard Time)
[debug] [2022-07-05T03:44:59.437Z] ----------------------------------------------------------------------
[debug] 
[debug] [2022-07-05T03:44:59.445Z] >>> [apiv2][query] GET https://firebase-public.firebaseio.com/cli.json [none]
[debug] [2022-07-05T03:44:59.565Z] > command requires scopes: ["email","openid","https://www.googleapis.com/auth/cloudplatformprojects.readonly","https://www.googleapis.com/auth/firebase","https://www.googleapis.com/auth/cloud-platform"]
[debug] [2022-07-05T03:44:59.566Z] > authorizing via signed-in user (mdmehedihasan2207@gmail.com)
[info] 
     ######## #### ########  ######## ########     ###     ######  ########
     ##        ##  ##     ## ##       ##     ##  ##   ##  ##       ##
     ######    ##  ########  ######   ########  #########  ######  ######
     ##        ##  ##    ##  ##       ##     ## ##     ##       ## ##
     ##       #### ##     ## ######## ########  ##     ##  ######  ########

You're about to initialize a Firebase project in this directory:

  E:\Work\Web Dev\8.Backend and Database\9.4\client-site

[debug] [2022-07-05T03:45:00.372Z] <<< [apiv2][status] GET https://firebase-public.firebaseio.com/cli.json 200
[debug] [2022-07-05T03:45:00.373Z] <<< [apiv2][body] GET https://firebase-public.firebaseio.com/cli.json {"cloudBuildErrorAfter":1594252800000,"cloudBuildWarnAfter":1590019200000,"defaultNode10After":1594252800000,"minVersion":"3.0.5","node8DeploysDisabledAfter":1613390400000,"node8RuntimeDisabledAfter":1615809600000,"node8WarnAfter":1600128000000}
